Frontend/build/app/intermediates/manifest_merge_blame_file/debug/manifest-merger-blame-debug-report.txt
1<?xml version="1.0" encoding="utf-8"?>
2<manifest xmlns:android="http://schemas.android.com/apk/res/android"
3    package="com.example.demna"
4    android:versionCode="1"
5    android:versionName="1.0.0" >
6
7    <uses-sdk
8        android:minSdkVersion="20"
9        android:targetSdkVersion="33" />
10    <!--
11         The INTERNET permission is required for development. Specifically,
12         the Flutter tool needs it to communicate with the running application
13         to allow setting breakpoints, to provide hot reload, etc.
14    -->
15    <uses-permission android:name="android.permission.INTERNET" />
15-->src/debug/AndroidManifest.xml:7:5-66
15-->src/debug/AndroidManifest.xml:7:22-64
16    <uses-permission android:name="android.permission.FOREGROUND_SERVICE" />
16-->[:geolocator_android] AndroidManifest.xml:9:5-77
16-->[:geolocator_android] AndroidManifest.xml:9:22-74
17    <uses-permission android:name="android.permission.RECEIVE_BOOT_COMPLETED" />
17-->[:flutter_local_notifications_plus] AndroidManifest.xml:9:5-81
17-->[:flutter_local_notifications_plus] AndroidManifest.xml:9:22-78
18    <uses-permission android:name="android.permission.VIBRATE" />
18-->[:flutter_local_notifications_plus] AndroidManifest.xml:10:5-66
18-->[:flutter_local_notifications_plus] AndroidManifest.xml:10:22-63
19    <uses-permission android:name="android.permission.USE_FULL_SCREEN_INTENT" />
19-->[:flutter_local_notifications_plus] AndroidManifest.xml:11:5-81
19-->[:flutter_local_notifications_plus] AndroidManifest.xml:11:22-78
20    <uses-permission android:name="android.permission.SCHEDULE_EXACT_ALARM" />
20-->[:flutter_local_notifications_plus] AndroidManifest.xml:12:5-79
20-->[:flutter_local_notifications_plus] AndroidManifest.xml:12:22-76
21    <uses-permission android:name="android.permission.POST_NOTIFICATIONS" /> <!-- Include required permissions for Google Maps API to run. -->
21-->[:flutter_local_notifications_plus] AndroidManifest.xml:13:5-77
21-->[:flutter_local_notifications_plus] AndroidManifest.xml:13:22-74
22    <uses-permission android:name="android.permission.ACCESS_NETWORK_STATE" />
22-->[com.google.android.gms:play-services-maps:18.1.0] AndroidManifest.xml:23:5-79
22-->[com.google.android.gms:play-services-maps:18.1.0] AndroidManifest.xml:23:22-76
23
24    <uses-feature
24-->[com.google.android.gms:play-services-maps:18.1.0] AndroidManifest.xml:26:5-28:35
25        android:glEsVersion="0x00020000"
25-->[com.google.android.gms:play-services-maps:18.1.0] AndroidManifest.xml:27:9-41
26        android:required="true" />
26-->[com.google.android.gms:play-services-maps:18.1.0] AndroidManifest.xml:28:9-32
27
28    <queries>
28-->[com.google.android.gms:play-services-maps:18.1.0] AndroidManifest.xml:30:5-34:15
29
30        <!-- Needs to be explicitly declared on Android R+ -->
31        <package android:name="com.google.android.apps.maps" />
31-->[com.google.android.gms:play-services-maps:18.1.0] AndroidManifest.xml:33:9-64
31-->[com.google.android.gms:play-services-maps:18.1.0] AndroidManifest.xml:33:18-61
32    </queries>
33
34    <permission
34-->[androidx.core:core:1.9.0] AndroidManifest.xml:22:5-24:47
35        android:name="com.example.demna.DYNAMIC_RECEIVER_NOT_EXPORTED_PERMISSION"
35-->[androidx.core:core:1.9.0] AndroidManifest.xml:23:9-81
36        android:protectionLevel="signature" />
36-->[androidx.core:core:1.9.0] AndroidManifest.xml:24:9-44
37
38    <uses-permission android:name="com.example.demna.DYNAMIC_RECEIVER_NOT_EXPORTED_PERMISSION" />
38-->[androidx.core:core:1.9.0] AndroidManifest.xml:26:5-97
38-->[androidx.core:core:1.9.0] AndroidManifest.xml:26:22-94
39
40    <application
41        android:name="android.app.Application"
42        android:appComponentFactory="androidx.core.app.CoreComponentFactory"
42-->[androidx.core:core:1.9.0] AndroidManifest.xml:28:18-86
43        android:debuggable="true"
44        android:icon="@mipmap/launcher_icon"
45        android:label="demna" >
46        <meta-data
47            android:name="com.google.android.geo.API_KEY"
48            android:value="AIzaSyDc8gj_Txw2TQ_Pljv3yw4qz7QWUecO8ps" />
49
50        <activity
51            android:name="com.example.demna.MainActivity"
52            android:configChanges="orientation|keyboardHidden|keyboard|screenSize|smallestScreenSize|locale|layoutDirection|fontScale|screenLayout|density|uiMode"
53            android:exported="true"
54            android:hardwareAccelerated="true"
55            android:launchMode="singleTop"
56            android:theme="@style/LaunchTheme"
57            android:windowSoftInputMode="adjustResize" >
58
59            <!--
60                 Specifies an Android theme to apply to this Activity as soon as
61                 the Android process has started. This theme is visible to the user
62                 while the Flutter UI initializes. After that, this theme continues
63                 to determine the Window background behind the Flutter UI.
64            -->
65            <meta-data
66                android:name="io.flutter.embedding.android.NormalTheme"
67                android:resource="@style/NormalTheme" />
68
69            <intent-filter>
70                <action android:name="android.intent.action.MAIN" />
71
72                <category android:name="android.intent.category.LAUNCHER" />
73            </intent-filter>
74        </activity>
75        <!--
76             Don't delete the meta-data below.
77             This is used by the Flutter tool to generate GeneratedPluginRegistrant.java
78        -->
79        <meta-data
80            android:name="flutterEmbedding"
81            android:value="2" />
82
83        <service
83-->[:geolocator_android] AndroidManifest.xml:12:9-16:56
84            android:name="com.baseflow.geolocator.GeolocatorLocationService"
84-->[:geolocator_android] AndroidManifest.xml:13:13-77
85            android:enabled="true"
85-->[:geolocator_android] AndroidManifest.xml:14:13-35
86            android:exported="false"
86-->[:geolocator_android] AndroidManifest.xml:15:13-37
87            android:foregroundServiceType="location" />
87-->[:geolocator_android] AndroidManifest.xml:16:13-53
88
89        <activity
89-->[:url_launcher_android] AndroidManifest.xml:10:9-13:74
90            android:name="io.flutter.plugins.urllauncher.WebViewActivity"
90-->[:url_launcher_android] AndroidManifest.xml:11:13-74
91            android:exported="false"
91-->[:url_launcher_android] AndroidManifest.xml:12:13-37
92            android:theme="@android:style/Theme.NoTitleBar.Fullscreen" />
92-->[:url_launcher_android] AndroidManifest.xml:13:13-71
93
94        <receiver
94-->[:flutter_local_notifications_plus] AndroidManifest.xml:16:9-18:40
95            android:name="com.dexterous.flutterlocalnotifications.ActionBroadcastReceiver"
95-->[:flutter_local_notifications_plus] AndroidManifest.xml:17:13-91
96            android:exported="false" />
96-->[:flutter_local_notifications_plus] AndroidManifest.xml:18:13-37
97        <receiver
97-->[:flutter_local_notifications_plus] AndroidManifest.xml:19:9-21:40
98            android:name="com.dexterous.flutterlocalnotifications.ScheduledNotificationReceiver"
98-->[:flutter_local_notifications_plus] AndroidManifest.xml:20:13-97
99            android:exported="false" />
99-->[:flutter_local_notifications_plus] AndroidManifest.xml:21:13-37
100        <receiver
100-->[:flutter_local_notifications_plus] AndroidManifest.xml:22:9-31:20
101            android:name="com.dexterous.flutterlocalnotifications.ScheduledNotificationBootReceiver"
101-->[:flutter_local_notifications_plus] AndroidManifest.xml:23:13-101
102            android:exported="false" >
102-->[:flutter_local_notifications_plus] AndroidManifest.xml:24:13-37
103            <intent-filter>
103-->[:flutter_local_notifications_plus] AndroidManifest.xml:25:13-30:29
104                <action android:name="android.intent.action.BOOT_COMPLETED" />
104-->[:flutter_local_notifications_plus] AndroidManifest.xml:26:17-79
104-->[:flutter_local_notifications_plus] AndroidManifest.xml:26:25-76
105                <action android:name="android.intent.action.MY_PACKAGE_REPLACED" />
105-->[:flutter_local_notifications_plus] AndroidManifest.xml:27:17-84
105-->[:flutter_local_notifications_plus] AndroidManifest.xml:27:25-81
106                <action android:name="android.intent.action.QUICKBOOT_POWERON" />
106-->[:flutter_local_notifications_plus] AndroidManifest.xml:28:17-82
106-->[:flutter_local_notifications_plus] AndroidManifest.xml:28:25-79
107                <action android:name="com.htc.intent.action.QUICKBOOT_POWERON" />
107-->[:flutter_local_notifications_plus] AndroidManifest.xml:29:17-82
107-->[:flutter_local_notifications_plus] AndroidManifest.xml:29:25-79
108            </intent-filter>
109        </receiver>
110
111        <uses-library
111-->[androidx.window:window:1.0.0-beta04] AndroidManifest.xml:25:9-27:40
112            android:name="androidx.window.extensions"
112-->[androidx.window:window:1.0.0-beta04] AndroidManifest.xml:26:13-54
113            android:required="false" />
113-->[androidx.window:window:1.0.0-beta04] AndroidManifest.xml:27:13-37
114        <uses-library
114-->[androidx.window:window:1.0.0-beta04] AndroidManifest.xml:28:9-30:40
115            android:name="androidx.window.sidecar"
115-->[androidx.window:window:1.0.0-beta04] AndroidManifest.xml:29:13-51
116            android:required="false" /> <!-- Needs to be explicitly declared on P+ -->
116-->[androidx.window:window:1.0.0-beta04] AndroidManifest.xml:30:13-37
117        <uses-library
117-->[com.google.android.gms:play-services-maps:18.1.0] AndroidManifest.xml:39:9-41:40
118            android:name="org.apache.http.legacy"
118-->[com.google.android.gms:play-services-maps:18.1.0] AndroidManifest.xml:40:13-50
119            android:required="false" />
119-->[com.google.android.gms:play-services-maps:18.1.0] AndroidManifest.xml:41:13-37
120
121        <activity
121-->[com.google.android.gms:play-services-base:18.1.0] AndroidManifest.xml:20:9-22:45
122            android:name="com.google.android.gms.common.api.GoogleApiActivity"
122-->[com.google.android.gms:play-services-base:18.1.0] AndroidManifest.xml:20:19-85
123            android:exported="false"
123-->[com.google.android.gms:play-services-base:18.1.0] AndroidManifest.xml:22:19-43
124            android:theme="@android:style/Theme.Translucent.NoTitleBar" />
124-->[com.google.android.gms:play-services-base:18.1.0] AndroidManifest.xml:21:19-78
125
126        <meta-data
126-->[com.google.android.gms:play-services-basement:18.1.0] AndroidManifest.xml:21:9-23:69
127            android:name="com.google.android.gms.version"
127-->[com.google.android.gms:play-services-basement:18.1.0] AndroidManifest.xml:22:13-58
128            android:value="@integer/google_play_services_version" />
128-->[com.google.android.gms:play-services-basement:18.1.0] AndroidManifest.xml:23:13-66
129    </application>
130
131</manifest>